<?xml version="1.0" encoding="UTF-8"?>
<!-- Generated by org.testng.reporters.JUnitReportReporter -->
<testsuite name="SeleniumPackage.testpara" tests="1" time="4.409" ignored="0" failures="0" timestamp="17 Sep 2019 09:50:33 GMT" skipped="0" hostname="lenovo-PC" errors="0">
  <testcase name="test" time="4.409" classname="SeleniumPackage.testpara"/>
</testsuite> <!-- SeleniumPackage.testpara -->
