<?xml version="1.0" encoding="UTF-8"?>
<!-- Generated by org.testng.reporters.JUnitReportReporter -->
<testsuite name="SeleniumPackage.Testdp" tests="2" time="0.012" ignored="0" failures="0" timestamp="17 Sep 2019 10:18:05 GMT" skipped="0" hostname="lenovo-PC" errors="0">
  <testcase name="f" time="0.003" classname="SeleniumPackage.Testdp"/>
  <testcase name="f" time="0.009" classname="SeleniumPackage.Testdp"/>
</testsuite> <!-- SeleniumPackage.Testdp -->
