<?xml version="1.0" encoding="UTF-8"?>
<!-- Generated by org.testng.reporters.JUnitReportReporter -->
<testsuite name="SeleniumPackage.test" tests="1" time="2.544" ignored="0" failures="0" timestamp="18 Sep 2019 08:33:57 GMT" skipped="0" hostname="lenovo-PC" errors="0">
  <testcase name="connect" time="2.544" classname="SeleniumPackage.test"/>
</testsuite> <!-- SeleniumPackage.test -->
